<?xml version="1.0" encoding="UTF-8"?>
<testsuite name="src.Common.BoardMutatorTest" tests="6" skipped="0" failures="0" errors="0" timestamp="2019-12-10T15:18:35" hostname="Tylers-MacBook-Pro-2.local" time="0.021">
  <properties/>
  <testcase name="testBoardConstructors" classname="src.Common.BoardMutatorTest" time="0.0"/>
  <testcase name="removePlayer" classname="src.Common.BoardMutatorTest" time="0.0"/>
  <testcase name="testHarnessTest3" classname="src.Common.BoardMutatorTest" time="0.019"/>
  <testcase name="placeAvatar" classname="src.Common.BoardMutatorTest" time="0.001"/>
  <testcase name="placeStartingTile" classname="src.Common.BoardMutatorTest" time="0.0"/>
  <testcase name="placeTile" classname="src.Common.BoardMutatorTest" time="0.001"/>
  <system-out><![CDATA[Board state: GAME_OVER
Position: (0, 0) Tile: [[Start: A End: F][Start: B End: C][Start: D End: H][Start: E End: G]]
Position: (1, 0) Tile: [[Start: A End: D][Start: B End: F][Start: C End: G][Start: E End: H]]
Position: (8, 0) Tile: [[Start: A End: D][Start: B End: F][Start: C End: G][Start: E End: H]]
Avatar: RED @ (1, 0), port: E
Avatar: BLUE @ (8, 0), port: E

]]></system-out>
  <system-err><![CDATA[]]></system-err>
</testsuite>
