<?xml version="1.0" encoding="UTF-8"?>
<testsuite name="src.Common.RulesTest" tests="5" skipped="0" failures="0" errors="0" timestamp="2019-12-10T15:18:35" hostname="Tylers-MacBook-Pro-2.local" time="0.004">
  <properties/>
  <testcase name="isValidInitTilePlace" classname="src.Common.RulesTest" time="0.001"/>
  <testcase name="addTurnRule" classname="src.Common.RulesTest" time="0.0"/>
  <testcase name="isValidTurn" classname="src.Common.RulesTest" time="0.0"/>
  <testcase name="complexConstructor" classname="src.Common.RulesTest" time="0.0"/>
  <testcase name="addInitialRule" classname="src.Common.RulesTest" time="0.0"/>
  <system-out><![CDATA[]]></system-out>
  <system-err><![CDATA[]]></system-err>
</testsuite>
