<?xml version="1.0" encoding="UTF-8"?>
<testsuite name="src.Player.FirstSTest" tests="6" skipped="0" failures="0" errors="0" timestamp="2019-12-10T15:18:35" hostname="Tylers-MacBook-Pro-2.local" time="0.006">
  <properties/>
  <testcase name="testInitialPlacementOnNonEmptyBoard" classname="src.Player.FirstSTest" time="0.0"/>
  <testcase name="testInitialPlacementLeft" classname="src.Player.FirstSTest" time="0.001"/>
  <testcase name="testInitialPlacementOnRight" classname="src.Player.FirstSTest" time="0.001"/>
  <testcase name="testTurnPlacement" classname="src.Player.FirstSTest" time="0.0"/>
  <testcase name="testInitialPlacementOnBottom" classname="src.Player.FirstSTest" time="0.0"/>
  <testcase name="testInitialPlaceOnEmptyBoard" classname="src.Player.FirstSTest" time="0.003"/>
  <system-out><![CDATA[]]></system-out>
  <system-err><![CDATA[]]></system-err>
</testsuite>
