<?xml version="1.0" encoding="UTF-8"?>
<testsuite name="src.Common.TilesTest" tests="5" skipped="0" failures="0" errors="0" timestamp="2019-12-10T15:18:35" hostname="Tylers-MacBook-Pro-2.local" time="0.018">
  <properties/>
  <testcase name="getEndOfConnection" classname="src.Common.TilesTest" time="0.002"/>
  <testcase name="rotate" classname="src.Common.TilesTest" time="0.005"/>
  <testcase name="generateAllPossibleTiles" classname="src.Common.TilesTest" time="0.001"/>
  <testcase name="invalidConstructorArguments" classname="src.Common.TilesTest" time="0.0"/>
  <testcase name="invalidTileStructureGetEndOfConnection" classname="src.Common.TilesTest" time="0.004"/>
  <system-out><![CDATA[]]></system-out>
  <system-err><![CDATA[]]></system-err>
</testsuite>
