<?xml version="1.0" encoding="UTF-8"?>
<testsuite name="src.Common.InitialRuleNoAdjacentTest" tests="7" skipped="0" failures="0" errors="0" timestamp="2019-12-10T15:18:35" hostname="Tylers-MacBook-Pro-2.local" time="0.002">
  <properties/>
  <testcase name="isValidMoveRight" classname="src.Common.InitialRuleNoAdjacentTest" time="0.001"/>
  <testcase name="isValidMoveNoAdjOnEdge" classname="src.Common.InitialRuleNoAdjacentTest" time="0.0"/>
  <testcase name="isValidMoveTop" classname="src.Common.InitialRuleNoAdjacentTest" time="0.0"/>
  <testcase name="isValidMoveNoAdjOnCorner" classname="src.Common.InitialRuleNoAdjacentTest" time="0.0"/>
  <testcase name="isValidMoveMultiple" classname="src.Common.InitialRuleNoAdjacentTest" time="0.0"/>
  <testcase name="isValidMoveBottom" classname="src.Common.InitialRuleNoAdjacentTest" time="0.0"/>
  <testcase name="isValidMoveLeft" classname="src.Common.InitialRuleNoAdjacentTest" time="0.0"/>
  <system-out><![CDATA[]]></system-out>
  <system-err><![CDATA[]]></system-err>
</testsuite>
