<?xml version="1.0" encoding="UTF-8"?>
<testsuite name="src.Common.BoardTest" tests="3" skipped="0" failures="0" errors="0" timestamp="2019-12-10T15:18:35" hostname="Tylers-MacBook-Pro-2.local" time="0.001">
  <properties/>
  <testcase name="getBoardSize" classname="src.Common.BoardTest" time="0.0"/>
  <testcase name="getTokens" classname="src.Common.BoardTest" time="0.001"/>
  <testcase name="getBoard" classname="src.Common.BoardTest" time="0.0"/>
  <system-out><![CDATA[]]></system-out>
  <system-err><![CDATA[]]></system-err>
</testsuite>
