<?xml version="1.0" encoding="UTF-8"?>
<testsuite name="src.Common.TilesFactoryTest" tests="1" skipped="0" failures="0" errors="0" timestamp="2019-12-10T15:18:35" hostname="Tylers-MacBook-Pro-2.local" time="0.001">
  <properties/>
  <testcase name="makeTile" classname="src.Common.TilesFactoryTest" time="0.001"/>
  <system-out><![CDATA[]]></system-out>
  <system-err><![CDATA[]]></system-err>
</testsuite>
